

Started GET "/assets/rails.png" for 127.0.0.1 at 2013-03-16 10:44:01 -0400
Connecting to database specified by database.yml

Mysql2::Error (Access denied for user 'root'@'localhost' (using password: YES)):
  mysql2 (0.3.11) lib/mysql2/client.rb:44:in `connect'
  mysql2 (0.3.11) lib/mysql2/client.rb:44:in `initialize'
  activerecord (3.2.12) lib/active_record/connection_adapters/mysql2_adapter.rb:16:in `new'
  activerecord (3.2.12) lib/active_record/connection_adapters/mysql2_adapter.rb:16:in `mysql2_connection'
  activerecord (3.2.12) lib/active_record/connection_adapters/abstract/connection_pool.rb:315:in `new_connection'
  activerecord (3.2.12) lib/active_record/connection_adapters/abstract/connection_pool.rb:325:in `checkout_new_connection'
  activerecord (3.2.12) lib/active_record/connection_adapters/abstract/connection_pool.rb:247:in `block (2 levels) in checkout'
  activerecord (3.2.12) lib/active_record/connection_adapters/abstract/connection_pool.rb:242:in `loop'
  activerecord (3.2.12) lib/active_record/connection_adapters/abstract/connection_pool.rb:242:in `block in checkout'
  /Users/chitopolo/.rvm/rubies/ruby-1.9.3-p385/lib/ruby/1.9.1/monitor.rb:211:in `mon_synchronize'
  activerecord (3.2.12) lib/active_record/connection_adapters/abstract/connection_pool.rb:239:in `checkout'
  activerecord (3.2.12) lib/active_record/connection_adapters/abstract/connection_pool.rb:102:in `block in connection'
  /Users/chitopolo/.rvm/rubies/ruby-1.9.3-p385/lib/ruby/1.9.1/monitor.rb:211:in `mon_synchronize'
  activerecord (3.2.12) lib/active_record/connection_adapters/abstract/connection_pool.rb:101:in `connection'
  activerecord (3.2.12) lib/active_record/connection_adapters/abstract/connection_pool.rb:410:in `retrieve_connection'
  activerecord (3.2.12) lib/active_record/connection_adapters/abstract/connection_specification.rb:171:in `retrieve_connection'
  activerecord (3.2.12) lib/active_record/connection_adapters/abstract/connection_specification.rb:145:in `connection'
  activerecord (3.2.12) lib/active_record/query_cache.rb:67:in `rescue in call'
  activerecord (3.2.12) lib/active_record/query_cache.rb:61:in `call'
  activerecord (3.2.12) lib/active_record/connection_adapters/abstract/connection_pool.rb:479:in `call'
  actionpack (3.2.12) lib/action_dispatch/middleware/callbacks.rb:28:in `block in call'
  activesupport (3.2.12) lib/active_support/callbacks.rb:405:in `_run__3359740947226832789__call__1450943623678886426__callbacks'
  activesupport (3.2.12) lib/active_support/callbacks.rb:405:in `__run_callback'
  activesupport (3.2.12) lib/active_support/callbacks.rb:385:in `_run_call_callbacks'
  activesupport (3.2.12) lib/active_support/callbacks.rb:81:in `run_callbacks'
  actionpack (3.2.12) lib/action_dispatch/middleware/callbacks.rb:27:in `call'
  actionpack (3.2.12) lib/action_dispatch/middleware/reloader.rb:65:in `call'
  actionpack (3.2.12) lib/action_dispatch/middleware/remote_ip.rb:31:in `call'
  actionpack (3.2.12) lib/action_dispatch/middleware/debug_exceptions.rb:16:in `call'
  actionpack (3.2.12) lib/action_dispatch/middleware/show_exceptions.rb:56:in `call'
  railties (3.2.12) lib/rails/rack/logger.rb:32:in `call_app'
  railties (3.2.12) lib/rails/rack/logger.rb:16:in `block in call'
  activesupport (3.2.12) lib/active_support/tagged_logging.rb:22:in `tagged'
  railties (3.2.12) lib/rails/rack/logger.rb:16:in `call'
  actionpack (3.2.12) lib/action_dispatch/middleware/request_id.rb:22:in `call'
  rack (1.4.5) lib/rack/methodoverride.rb:21:in `call'
  rack (1.4.5) lib/rack/runtime.rb:17:in `call'
  activesupport (3.2.12) lib/active_support/cache/strategy/local_cache.rb:72:in `call'
  rack (1.4.5) lib/rack/lock.rb:15:in `call'
  actionpack (3.2.12) lib/action_dispatch/middleware/static.rb:62:in `call'
  railties (3.2.12) lib/rails/engine.rb:479:in `call'
  railties (3.2.12) lib/rails/application.rb:223:in `call'
  rack (1.4.5) lib/rack/content_length.rb:14:in `call'
  railties (3.2.12) lib/rails/rack/log_tailer.rb:17:in `call'
  rack (1.4.5) lib/rack/handler/webrick.rb:59:in `service'
  /Users/chitopolo/.rvm/rubies/ruby-1.9.3-p385/lib/ruby/1.9.1/webrick/httpserver.rb:138:in `service'
  /Users/chitopolo/.rvm/rubies/ruby-1.9.3-p385/lib/ruby/1.9.1/webrick/httpserver.rb:94:in `run'
  /Users/chitopolo/.rvm/rubies/ruby-1.9.3-p385/lib/ruby/1.9.1/webrick/server.rb:191:in `block in start_thread'


  Rendered /Users/chitopolo/.rvm/gems/ruby-1.9.3-p385/gems/actionpack-3.2.12/lib/action_dispatch/middleware/templates/rescues/_trace.erb (1.0ms)
  Rendered /Users/chitopolo/.rvm/gems/ruby-1.9.3-p385/gems/actionpack-3.2.12/lib/action_dispatch/middleware/templates/rescues/_request_and_response.erb (2.6ms)
  Rendered /Users/chitopolo/.rvm/gems/ruby-1.9.3-p385/gems/actionpack-3.2.12/lib/action_dispatch/middleware/templates/rescues/diagnostics.erb within rescues/layout (11.5ms)


Started GET "/" for 127.0.0.1 at 2013-03-16 10:44:56 -0400

Mysql2::Error (Access denied for user 'root'@'localhost' (using password: YES)):
  mysql2 (0.3.11) lib/mysql2/client.rb:44:in `connect'
  mysql2 (0.3.11) lib/mysql2/client.rb:44:in `initialize'
  activerecord (3.2.12) lib/active_record/connection_adapters/mysql2_adapter.rb:16:in `new'
  activerecord (3.2.12) lib/active_record/connection_adapters/mysql2_adapter.rb:16:in `mysql2_connection'
  activerecord (3.2.12) lib/active_record/connection_adapters/abstract/connection_pool.rb:315:in `new_connection'
  activerecord (3.2.12) lib/active_record/connection_adapters/abstract/connection_pool.rb:325:in `checkout_new_connection'
  activerecord (3.2.12) lib/active_record/connection_adapters/abstract/connection_pool.rb:247:in `block (2 levels) in checkout'
  activerecord (3.2.12) lib/active_record/connection_adapters/abstract/connection_pool.rb:242:in `loop'
  activerecord (3.2.12) lib/active_record/connection_adapters/abstract/connection_pool.rb:242:in `block in checkout'
  /Users/chitopolo/.rvm/rubies/ruby-1.9.3-p385/lib/ruby/1.9.1/monitor.rb:211:in `mon_synchronize'
  activerecord (3.2.12) lib/active_record/connection_adapters/abstract/connection_pool.rb:239:in `checkout'
  activerecord (3.2.12) lib/active_record/connection_adapters/abstract/connection_pool.rb:102:in `block in connection'
  /Users/chitopolo/.rvm/rubies/ruby-1.9.3-p385/lib/ruby/1.9.1/monitor.rb:211:in `mon_synchronize'
  activerecord (3.2.12) lib/active_record/connection_adapters/abstract/connection_pool.rb:101:in `connection'
  activerecord (3.2.12) lib/active_record/connection_adapters/abstract/connection_pool.rb:410:in `retrieve_connection'
  activerecord (3.2.12) lib/active_record/connection_adapters/abstract/connection_specification.rb:171:in `retrieve_connection'
  activerecord (3.2.12) lib/active_record/connection_adapters/abstract/connection_specification.rb:145:in `connection'
  activerecord (3.2.12) lib/active_record/query_cache.rb:67:in `rescue in call'
  activerecord (3.2.12) lib/active_record/query_cache.rb:61:in `call'
  activerecord (3.2.12) lib/active_record/connection_adapters/abstract/connection_pool.rb:479:in `call'
  actionpack (3.2.12) lib/action_dispatch/middleware/callbacks.rb:28:in `block in call'
  activesupport (3.2.12) lib/active_support/callbacks.rb:405:in `_run__3359740947226832789__call__1450943623678886426__callbacks'
  activesupport (3.2.12) lib/active_support/callbacks.rb:405:in `__run_callback'
  activesupport (3.2.12) lib/active_support/callbacks.rb:385:in `_run_call_callbacks'
  activesupport (3.2.12) lib/active_support/callbacks.rb:81:in `run_callbacks'
  actionpack (3.2.12) lib/action_dispatch/middleware/callbacks.rb:27:in `call'
  actionpack (3.2.12) lib/action_dispatch/middleware/reloader.rb:65:in `call'
  actionpack (3.2.12) lib/action_dispatch/middleware/remote_ip.rb:31:in `call'
  actionpack (3.2.12) lib/action_dispatch/middleware/debug_exceptions.rb:16:in `call'
  actionpack (3.2.12) lib/action_dispatch/middleware/show_exceptions.rb:56:in `call'
  railties (3.2.12) lib/rails/rack/logger.rb:32:in `call_app'
  railties (3.2.12) lib/rails/rack/logger.rb:16:in `block in call'
  activesupport (3.2.12) lib/active_support/tagged_logging.rb:22:in `tagged'
  railties (3.2.12) lib/rails/rack/logger.rb:16:in `call'
  actionpack (3.2.12) lib/action_dispatch/middleware/request_id.rb:22:in `call'
  rack (1.4.5) lib/rack/methodoverride.rb:21:in `call'
  rack (1.4.5) lib/rack/runtime.rb:17:in `call'
  activesupport (3.2.12) lib/active_support/cache/strategy/local_cache.rb:72:in `call'
  rack (1.4.5) lib/rack/lock.rb:15:in `call'
  actionpack (3.2.12) lib/action_dispatch/middleware/static.rb:62:in `call'
  railties (3.2.12) lib/rails/engine.rb:479:in `call'
  railties (3.2.12) lib/rails/application.rb:223:in `call'
  rack (1.4.5) lib/rack/content_length.rb:14:in `call'
  railties (3.2.12) lib/rails/rack/log_tailer.rb:17:in `call'
  rack (1.4.5) lib/rack/handler/webrick.rb:59:in `service'
  /Users/chitopolo/.rvm/rubies/ruby-1.9.3-p385/lib/ruby/1.9.1/webrick/httpserver.rb:138:in `service'
  /Users/chitopolo/.rvm/rubies/ruby-1.9.3-p385/lib/ruby/1.9.1/webrick/httpserver.rb:94:in `run'
  /Users/chitopolo/.rvm/rubies/ruby-1.9.3-p385/lib/ruby/1.9.1/webrick/server.rb:191:in `block in start_thread'


  Rendered /Users/chitopolo/.rvm/gems/ruby-1.9.3-p385/gems/actionpack-3.2.12/lib/action_dispatch/middleware/templates/rescues/_trace.erb (0.9ms)
  Rendered /Users/chitopolo/.rvm/gems/ruby-1.9.3-p385/gems/actionpack-3.2.12/lib/action_dispatch/middleware/templates/rescues/_request_and_response.erb (0.7ms)
  Rendered /Users/chitopolo/.rvm/gems/ruby-1.9.3-p385/gems/actionpack-3.2.12/lib/action_dispatch/middleware/templates/rescues/diagnostics.erb within rescues/layout (6.1ms)


Started GET "/" for 127.0.0.1 at 2013-03-16 10:45:16 -0400

Mysql2::Error (Access denied for user 'root'@'localhost' (using password: YES)):
  mysql2 (0.3.11) lib/mysql2/client.rb:44:in `connect'
  mysql2 (0.3.11) lib/mysql2/client.rb:44:in `initialize'
  activerecord (3.2.12) lib/active_record/connection_adapters/mysql2_adapter.rb:16:in `new'
  activerecord (3.2.12) lib/active_record/connection_adapters/mysql2_adapter.rb:16:in `mysql2_connection'
  activerecord (3.2.12) lib/active_record/connection_adapters/abstract/connection_pool.rb:315:in `new_connection'
  activerecord (3.2.12) lib/active_record/connection_adapters/abstract/connection_pool.rb:325:in `checkout_new_connection'
  activerecord (3.2.12) lib/active_record/connection_adapters/abstract/connection_pool.rb:247:in `block (2 levels) in checkout'
  activerecord (3.2.12) lib/active_record/connection_adapters/abstract/connection_pool.rb:242:in `loop'
  activerecord (3.2.12) lib/active_record/connection_adapters/abstract/connection_pool.rb:242:in `block in checkout'
  /Users/chitopolo/.rvm/rubies/ruby-1.9.3-p385/lib/ruby/1.9.1/monitor.rb:211:in `mon_synchronize'
  activerecord (3.2.12) lib/active_record/connection_adapters/abstract/connection_pool.rb:239:in `checkout'
  activerecord (3.2.12) lib/active_record/connection_adapters/abstract/connection_pool.rb:102:in `block in connection'
  /Users/chitopolo/.rvm/rubies/ruby-1.9.3-p385/lib/ruby/1.9.1/monitor.rb:211:in `mon_synchronize'
  activerecord (3.2.12) lib/active_record/connection_adapters/abstract/connection_pool.rb:101:in `connection'
  activerecord (3.2.12) lib/active_record/connection_adapters/abstract/connection_pool.rb:410:in `retrieve_connection'
  activerecord (3.2.12) lib/active_record/connection_adapters/abstract/connection_specification.rb:171:in `retrieve_connection'
  activerecord (3.2.12) lib/active_record/connection_adapters/abstract/connection_specification.rb:145:in `connection'
  activerecord (3.2.12) lib/active_record/query_cache.rb:67:in `rescue in call'
  activerecord (3.2.12) lib/active_record/query_cache.rb:61:in `call'
  activerecord (3.2.12) lib/active_record/connection_adapters/abstract/connection_pool.rb:479:in `call'
  actionpack (3.2.12) lib/action_dispatch/middleware/callbacks.rb:28:in `block in call'
  activesupport (3.2.12) lib/active_support/callbacks.rb:405:in `_run__3359740947226832789__call__1450943623678886426__callbacks'
  activesupport (3.2.12) lib/active_support/callbacks.rb:405:in `__run_callback'
  activesupport (3.2.12) lib/active_support/callbacks.rb:385:in `_run_call_callbacks'
  activesupport (3.2.12) lib/active_support/callbacks.rb:81:in `run_callbacks'
  actionpack (3.2.12) lib/action_dispatch/middleware/callbacks.rb:27:in `call'
  actionpack (3.2.12) lib/action_dispatch/middleware/reloader.rb:65:in `call'
  actionpack (3.2.12) lib/action_dispatch/middleware/remote_ip.rb:31:in `call'
  actionpack (3.2.12) lib/action_dispatch/middleware/debug_exceptions.rb:16:in `call'
  actionpack (3.2.12) lib/action_dispatch/middleware/show_exceptions.rb:56:in `call'
  railties (3.2.12) lib/rails/rack/logger.rb:32:in `call_app'
  railties (3.2.12) lib/rails/rack/logger.rb:16:in `block in call'
  activesupport (3.2.12) lib/active_support/tagged_logging.rb:22:in `tagged'
  railties (3.2.12) lib/rails/rack/logger.rb:16:in `call'
  actionpack (3.2.12) lib/action_dispatch/middleware/request_id.rb:22:in `call'
  rack (1.4.5) lib/rack/methodoverride.rb:21:in `call'
  rack (1.4.5) lib/rack/runtime.rb:17:in `call'
  activesupport (3.2.12) lib/active_support/cache/strategy/local_cache.rb:72:in `call'
  rack (1.4.5) lib/rack/lock.rb:15:in `call'
  actionpack (3.2.12) lib/action_dispatch/middleware/static.rb:62:in `call'
  railties (3.2.12) lib/rails/engine.rb:479:in `call'
  railties (3.2.12) lib/rails/application.rb:223:in `call'
  rack (1.4.5) lib/rack/content_length.rb:14:in `call'
  railties (3.2.12) lib/rails/rack/log_tailer.rb:17:in `call'
  rack (1.4.5) lib/rack/handler/webrick.rb:59:in `service'
  /Users/chitopolo/.rvm/rubies/ruby-1.9.3-p385/lib/ruby/1.9.1/webrick/httpserver.rb:138:in `service'
  /Users/chitopolo/.rvm/rubies/ruby-1.9.3-p385/lib/ruby/1.9.1/webrick/httpserver.rb:94:in `run'
  /Users/chitopolo/.rvm/rubies/ruby-1.9.3-p385/lib/ruby/1.9.1/webrick/server.rb:191:in `block in start_thread'


  Rendered /Users/chitopolo/.rvm/gems/ruby-1.9.3-p385/gems/actionpack-3.2.12/lib/action_dispatch/middleware/templates/rescues/_trace.erb (0.8ms)
  Rendered /Users/chitopolo/.rvm/gems/ruby-1.9.3-p385/gems/actionpack-3.2.12/lib/action_dispatch/middleware/templates/rescues/_request_and_response.erb (0.7ms)
  Rendered /Users/chitopolo/.rvm/gems/ruby-1.9.3-p385/gems/actionpack-3.2.12/lib/action_dispatch/middleware/templates/rescues/diagnostics.erb within rescues/layout (5.4ms)


Started GET "/" for 127.0.0.1 at 2013-03-16 10:45:19 -0400

Mysql2::Error (Access denied for user 'root'@'localhost' (using password: YES)):
  mysql2 (0.3.11) lib/mysql2/client.rb:44:in `connect'
  mysql2 (0.3.11) lib/mysql2/client.rb:44:in `initialize'
  activerecord (3.2.12) lib/active_record/connection_adapters/mysql2_adapter.rb:16:in `new'
  activerecord (3.2.12) lib/active_record/connection_adapters/mysql2_adapter.rb:16:in `mysql2_connection'
  activerecord (3.2.12) lib/active_record/connection_adapters/abstract/connection_pool.rb:315:in `new_connection'
  activerecord (3.2.12) lib/active_record/connection_adapters/abstract/connection_pool.rb:325:in `checkout_new_connection'
  activerecord (3.2.12) lib/active_record/connection_adapters/abstract/connection_pool.rb:247:in `block (2 levels) in checkout'
  activerecord (3.2.12) lib/active_record/connection_adapters/abstract/connection_pool.rb:242:in `loop'
  activerecord (3.2.12) lib/active_record/connection_adapters/abstract/connection_pool.rb:242:in `block in checkout'
  /Users/chitopolo/.rvm/rubies/ruby-1.9.3-p385/lib/ruby/1.9.1/monitor.rb:211:in `mon_synchronize'
  activerecord (3.2.12) lib/active_record/connection_adapters/abstract/connection_pool.rb:239:in `checkout'
  activerecord (3.2.12) lib/active_record/connection_adapters/abstract/connection_pool.rb:102:in `block in connection'
  /Users/chitopolo/.rvm/rubies/ruby-1.9.3-p385/lib/ruby/1.9.1/monitor.rb:211:in `mon_synchronize'
  activerecord (3.2.12) lib/active_record/connection_adapters/abstract/connection_pool.rb:101:in `connection'
  activerecord (3.2.12) lib/active_record/connection_adapters/abstract/connection_pool.rb:410:in `retrieve_connection'
  activerecord (3.2.12) lib/active_record/connection_adapters/abstract/connection_specification.rb:171:in `retrieve_connection'
  activerecord (3.2.12) lib/active_record/connection_adapters/abstract/connection_specification.rb:145:in `connection'
  activerecord (3.2.12) lib/active_record/query_cache.rb:67:in `rescue in call'
  activerecord (3.2.12) lib/active_record/query_cache.rb:61:in `call'
  activerecord (3.2.12) lib/active_record/connection_adapters/abstract/connection_pool.rb:479:in `call'
  actionpack (3.2.12) lib/action_dispatch/middleware/callbacks.rb:28:in `block in call'
  activesupport (3.2.12) lib/active_support/callbacks.rb:405:in `_run__3359740947226832789__call__1450943623678886426__callbacks'
  activesupport (3.2.12) lib/active_support/callbacks.rb:405:in `__run_callback'
  activesupport (3.2.12) lib/active_support/callbacks.rb:385:in `_run_call_callbacks'
  activesupport (3.2.12) lib/active_support/callbacks.rb:81:in `run_callbacks'
  actionpack (3.2.12) lib/action_dispatch/middleware/callbacks.rb:27:in `call'
  actionpack (3.2.12) lib/action_dispatch/middleware/reloader.rb:65:in `call'
  actionpack (3.2.12) lib/action_dispatch/middleware/remote_ip.rb:31:in `call'
  actionpack (3.2.12) lib/action_dispatch/middleware/debug_exceptions.rb:16:in `call'
  actionpack (3.2.12) lib/action_dispatch/middleware/show_exceptions.rb:56:in `call'
  railties (3.2.12) lib/rails/rack/logger.rb:32:in `call_app'
  railties (3.2.12) lib/rails/rack/logger.rb:16:in `block in call'
  activesupport (3.2.12) lib/active_support/tagged_logging.rb:22:in `tagged'
  railties (3.2.12) lib/rails/rack/logger.rb:16:in `call'
  actionpack (3.2.12) lib/action_dispatch/middleware/request_id.rb:22:in `call'
  rack (1.4.5) lib/rack/methodoverride.rb:21:in `call'
  rack (1.4.5) lib/rack/runtime.rb:17:in `call'
  activesupport (3.2.12) lib/active_support/cache/strategy/local_cache.rb:72:in `call'
  rack (1.4.5) lib/rack/lock.rb:15:in `call'
  actionpack (3.2.12) lib/action_dispatch/middleware/static.rb:62:in `call'
  railties (3.2.12) lib/rails/engine.rb:479:in `call'
  railties (3.2.12) lib/rails/application.rb:223:in `call'
  rack (1.4.5) lib/rack/content_length.rb:14:in `call'
  railties (3.2.12) lib/rails/rack/log_tailer.rb:17:in `call'
  rack (1.4.5) lib/rack/handler/webrick.rb:59:in `service'
  /Users/chitopolo/.rvm/rubies/ruby-1.9.3-p385/lib/ruby/1.9.1/webrick/httpserver.rb:138:in `service'
  /Users/chitopolo/.rvm/rubies/ruby-1.9.3-p385/lib/ruby/1.9.1/webrick/httpserver.rb:94:in `run'
  /Users/chitopolo/.rvm/rubies/ruby-1.9.3-p385/lib/ruby/1.9.1/webrick/server.rb:191:in `block in start_thread'


  Rendered /Users/chitopolo/.rvm/gems/ruby-1.9.3-p385/gems/actionpack-3.2.12/lib/action_dispatch/middleware/templates/rescues/_trace.erb (15.0ms)
  Rendered /Users/chitopolo/.rvm/gems/ruby-1.9.3-p385/gems/actionpack-3.2.12/lib/action_dispatch/middleware/templates/rescues/_request_and_response.erb (0.7ms)
  Rendered /Users/chitopolo/.rvm/gems/ruby-1.9.3-p385/gems/actionpack-3.2.12/lib/action_dispatch/middleware/templates/rescues/diagnostics.erb within rescues/layout (20.2ms)


Started GET "/" for 127.0.0.1 at 2013-03-16 10:45:35 -0400
Connecting to database specified by database.yml

Mysql2::Error (Unknown database 'hackathonu_development'):
  mysql2 (0.3.11) lib/mysql2/client.rb:44:in `connect'
  mysql2 (0.3.11) lib/mysql2/client.rb:44:in `initialize'
  activerecord (3.2.12) lib/active_record/connection_adapters/mysql2_adapter.rb:16:in `new'
  activerecord (3.2.12) lib/active_record/connection_adapters/mysql2_adapter.rb:16:in `mysql2_connection'
  activerecord (3.2.12) lib/active_record/connection_adapters/abstract/connection_pool.rb:315:in `new_connection'
  activerecord (3.2.12) lib/active_record/connection_adapters/abstract/connection_pool.rb:325:in `checkout_new_connection'
  activerecord (3.2.12) lib/active_record/connection_adapters/abstract/connection_pool.rb:247:in `block (2 levels) in checkout'
  activerecord (3.2.12) lib/active_record/connection_adapters/abstract/connection_pool.rb:242:in `loop'
  activerecord (3.2.12) lib/active_record/connection_adapters/abstract/connection_pool.rb:242:in `block in checkout'
  /Users/chitopolo/.rvm/rubies/ruby-1.9.3-p385/lib/ruby/1.9.1/monitor.rb:211:in `mon_synchronize'
  activerecord (3.2.12) lib/active_record/connection_adapters/abstract/connection_pool.rb:239:in `checkout'
  activerecord (3.2.12) lib/active_record/connection_adapters/abstract/connection_pool.rb:102:in `block in connection'
  /Users/chitopolo/.rvm/rubies/ruby-1.9.3-p385/lib/ruby/1.9.1/monitor.rb:211:in `mon_synchronize'
  activerecord (3.2.12) lib/active_record/connection_adapters/abstract/connection_pool.rb:101:in `connection'
  activerecord (3.2.12) lib/active_record/connection_adapters/abstract/connection_pool.rb:410:in `retrieve_connection'
  activerecord (3.2.12) lib/active_record/connection_adapters/abstract/connection_specification.rb:171:in `retrieve_connection'
  activerecord (3.2.12) lib/active_record/connection_adapters/abstract/connection_specification.rb:145:in `connection'
  activerecord (3.2.12) lib/active_record/query_cache.rb:67:in `rescue in call'
  activerecord (3.2.12) lib/active_record/query_cache.rb:61:in `call'
  activerecord (3.2.12) lib/active_record/connection_adapters/abstract/connection_pool.rb:479:in `call'
  actionpack (3.2.12) lib/action_dispatch/middleware/callbacks.rb:28:in `block in call'
  activesupport (3.2.12) lib/active_support/callbacks.rb:405:in `_run__4336036952365270335__call__3713962912644231831__callbacks'
  activesupport (3.2.12) lib/active_support/callbacks.rb:405:in `__run_callback'
  activesupport (3.2.12) lib/active_support/callbacks.rb:385:in `_run_call_callbacks'
  activesupport (3.2.12) lib/active_support/callbacks.rb:81:in `run_callbacks'
  actionpack (3.2.12) lib/action_dispatch/middleware/callbacks.rb:27:in `call'
  actionpack (3.2.12) lib/action_dispatch/middleware/reloader.rb:65:in `call'
  actionpack (3.2.12) lib/action_dispatch/middleware/remote_ip.rb:31:in `call'
  actionpack (3.2.12) lib/action_dispatch/middleware/debug_exceptions.rb:16:in `call'
  actionpack (3.2.12) lib/action_dispatch/middleware/show_exceptions.rb:56:in `call'
  railties (3.2.12) lib/rails/rack/logger.rb:32:in `call_app'
  railties (3.2.12) lib/rails/rack/logger.rb:16:in `block in call'
  activesupport (3.2.12) lib/active_support/tagged_logging.rb:22:in `tagged'
  railties (3.2.12) lib/rails/rack/logger.rb:16:in `call'
  actionpack (3.2.12) lib/action_dispatch/middleware/request_id.rb:22:in `call'
  rack (1.4.5) lib/rack/methodoverride.rb:21:in `call'
  rack (1.4.5) lib/rack/runtime.rb:17:in `call'
  activesupport (3.2.12) lib/active_support/cache/strategy/local_cache.rb:72:in `call'
  rack (1.4.5) lib/rack/lock.rb:15:in `call'
  actionpack (3.2.12) lib/action_dispatch/middleware/static.rb:62:in `call'
  railties (3.2.12) lib/rails/engine.rb:479:in `call'
  railties (3.2.12) lib/rails/application.rb:223:in `call'
  rack (1.4.5) lib/rack/content_length.rb:14:in `call'
  railties (3.2.12) lib/rails/rack/log_tailer.rb:17:in `call'
  rack (1.4.5) lib/rack/handler/webrick.rb:59:in `service'
  /Users/chitopolo/.rvm/rubies/ruby-1.9.3-p385/lib/ruby/1.9.1/webrick/httpserver.rb:138:in `service'
  /Users/chitopolo/.rvm/rubies/ruby-1.9.3-p385/lib/ruby/1.9.1/webrick/httpserver.rb:94:in `run'
  /Users/chitopolo/.rvm/rubies/ruby-1.9.3-p385/lib/ruby/1.9.1/webrick/server.rb:191:in `block in start_thread'


  Rendered /Users/chitopolo/.rvm/gems/ruby-1.9.3-p385/gems/actionpack-3.2.12/lib/action_dispatch/middleware/templates/rescues/_trace.erb (0.8ms)
  Rendered /Users/chitopolo/.rvm/gems/ruby-1.9.3-p385/gems/actionpack-3.2.12/lib/action_dispatch/middleware/templates/rescues/_request_and_response.erb (1.9ms)
  Rendered /Users/chitopolo/.rvm/gems/ruby-1.9.3-p385/gems/actionpack-3.2.12/lib/action_dispatch/middleware/templates/rescues/diagnostics.erb within rescues/layout (8.5ms)


Started GET "/" for 127.0.0.1 at 2013-03-16 10:46:12 -0400
Processing by WelcomeController#index as HTML
  Rendered welcome/index.html.erb within layouts/application (0.2ms)
Compiled welcome.css  (9ms)  (pid 13412)
Compiled application.css  (15ms)  (pid 13412)
Compiled jquery.js  (1ms)  (pid 13412)
Compiled jquery_ujs.js  (0ms)  (pid 13412)
Compiled welcome.js  (66ms)  (pid 13412)
Compiled application.js  (109ms)  (pid 13412)
Completed 200 OK in 199ms (Views: 199.1ms | ActiveRecord: 0.0ms)


Started GET "/assets/jquery_ujs.js?body=1" for 127.0.0.1 at 2013-03-16 10:46:12 -0400
Served asset /jquery_ujs.js - 304 Not Modified (16ms)


Started GET "/assets/application.css?body=1" for 127.0.0.1 at 2013-03-16 10:46:12 -0400
Served asset /application.css - 304 Not Modified (1ms)


Started GET "/assets/welcome.css?body=1" for 127.0.0.1 at 2013-03-16 10:46:12 -0400
Served asset /welcome.css - 304 Not Modified (1ms)


Started GET "/assets/welcome.js?body=1" for 127.0.0.1 at 2013-03-16 10:46:12 -0400
Served asset /welcome.js - 304 Not Modified (1ms)


Started GET "/assets/jquery.js?body=1" for 127.0.0.1 at 2013-03-16 10:46:12 -0400
Served asset /jquery.js - 304 Not Modified (1ms)


Started GET "/assets/application.js?body=1" for 127.0.0.1 at 2013-03-16 10:46:12 -0400
Served asset /application.js - 304 Not Modified (3ms)


Started GET "/" for 127.0.0.1 at 2013-03-16 10:55:01 -0400
Connecting to database specified by database.yml
Processing by WelcomeController#index as HTML
  Rendered welcome/index.html.erb within layouts/application (15.4ms)
Completed 500 Internal Server Error in 33ms

ActionView::Template::Error (cannot load such file -- less
  (in /Users/chitopolo/Documents/Developer/Cades/hackathonu/app/assets/stylesheets/bootstrap_and_overrides.css.less)):
    2: <html>
    3: <head>
    4:   <title>Hackathonu</title>
    5:   <%= stylesheet_link_tag    "application", :media => "all" %>
    6:   <%= javascript_include_tag "application" %>
    7:   <%= csrf_meta_tags %>
    8: </head>
  app/views/layouts/application.html.erb:5:in `_app_views_layouts_application_html_erb__146446419849636346_70357973499800'


  Rendered /Users/chitopolo/.rvm/gems/ruby-1.9.3-p385/gems/actionpack-3.2.12/lib/action_dispatch/middleware/templates/rescues/_trace.erb (0.9ms)
  Rendered /Users/chitopolo/.rvm/gems/ruby-1.9.3-p385/gems/actionpack-3.2.12/lib/action_dispatch/middleware/templates/rescues/_request_and_response.erb (0.7ms)
  Rendered /Users/chitopolo/.rvm/gems/ruby-1.9.3-p385/gems/actionpack-3.2.12/lib/action_dispatch/middleware/templates/rescues/template_error.erb within rescues/layout (5.9ms)


Started GET "/" for 127.0.0.1 at 2013-03-16 10:56:29 -0400
Connecting to database specified by database.yml
Processing by WelcomeController#index as HTML
  Rendered welcome/index.html.erb within layouts/application (2.1ms)
Compiled bootstrap_and_overrides.css  (890ms)  (pid 13502)
Compiled application.css  (897ms)  (pid 13502)
Compiled twitter/bootstrap/bootstrap-transition.js  (0ms)  (pid 13502)
Compiled twitter/bootstrap/bootstrap-alert.js  (0ms)  (pid 13502)
Compiled twitter/bootstrap/bootstrap-modal.js  (0ms)  (pid 13502)
Compiled twitter/bootstrap/bootstrap-dropdown.js  (0ms)  (pid 13502)
Compiled twitter/bootstrap/bootstrap-scrollspy.js  (0ms)  (pid 13502)
Compiled twitter/bootstrap/bootstrap-tab.js  (0ms)  (pid 13502)
Compiled twitter/bootstrap/bootstrap-tooltip.js  (0ms)  (pid 13502)
Compiled twitter/bootstrap/bootstrap-popover.js  (0ms)  (pid 13502)
Compiled twitter/bootstrap/bootstrap-button.js  (0ms)  (pid 13502)
Compiled twitter/bootstrap/bootstrap-collapse.js  (0ms)  (pid 13502)
Compiled twitter/bootstrap/bootstrap-carousel.js  (0ms)  (pid 13502)
Compiled twitter/bootstrap/bootstrap-typeahead.js  (0ms)  (pid 13502)
Compiled twitter/bootstrap/bootstrap-affix.js  (0ms)  (pid 13502)
Compiled twitter/bootstrap.js  (149ms)  (pid 13502)
Compiled bootstrap.js  (46ms)  (pid 13502)
Compiled application.js  (211ms)  (pid 13502)
Completed 200 OK in 1293ms (Views: 1292.4ms | ActiveRecord: 0.0ms)


Started GET "/assets/bootstrap_and_overrides.css?body=1" for 127.0.0.1 at 2013-03-16 10:56:31 -0400
Served asset /bootstrap_and_overrides.css - 200 OK (1ms)


Started GET "/assets/twitter/bootstrap/bootstrap-transition.js?body=1" for 127.0.0.1 at 2013-03-16 10:56:31 -0400
Served asset /twitter/bootstrap/bootstrap-transition.js - 200 OK (3ms)


Started GET "/assets/application.css?body=1" for 127.0.0.1 at 2013-03-16 10:56:31 -0400
Served asset /application.css - 304 Not Modified (4ms)


Started GET "/assets/twitter/bootstrap/bootstrap-alert.js?body=1" for 127.0.0.1 at 2013-03-16 10:56:31 -0400
Served asset /twitter/bootstrap/bootstrap-alert.js - 200 OK (2ms)


Started GET "/assets/welcome.css?body=1" for 127.0.0.1 at 2013-03-16 10:56:31 -0400
Served asset /welcome.css - 304 Not Modified (1ms)


Started GET "/assets/jquery.js?body=1" for 127.0.0.1 at 2013-03-16 10:56:31 -0400
Served asset /jquery.js - 304 Not Modified (18ms)


Started GET "/assets/twitter/bootstrap/bootstrap-modal.js?body=1" for 127.0.0.1 at 2013-03-16 10:56:31 -0400
Served asset /twitter/bootstrap/bootstrap-modal.js - 200 OK (1ms)


Started GET "/assets/twitter/bootstrap/bootstrap-dropdown.js?body=1" for 127.0.0.1 at 2013-03-16 10:56:31 -0400
Served asset /twitter/bootstrap/bootstrap-dropdown.js - 200 OK (3ms)


Started GET "/assets/jquery_ujs.js?body=1" for 127.0.0.1 at 2013-03-16 10:56:31 -0400
Served asset /jquery_ujs.js - 304 Not Modified (2ms)


Started GET "/assets/twitter/bootstrap/bootstrap-scrollspy.js?body=1" for 127.0.0.1 at 2013-03-16 10:56:31 -0400
Served asset /twitter/bootstrap/bootstrap-scrollspy.js - 200 OK (2ms)


Started GET "/assets/twitter/bootstrap/bootstrap-tab.js?body=1" for 127.0.0.1 at 2013-03-16 10:56:31 -0400
Served asset /twitter/bootstrap/bootstrap-tab.js - 200 OK (1ms)


Started GET "/assets/twitter/bootstrap/bootstrap-tooltip.js?body=1" for 127.0.0.1 at 2013-03-16 10:56:31 -0400
Served asset /twitter/bootstrap/bootstrap-tooltip.js - 200 OK (1ms)


Started GET "/assets/twitter/bootstrap/bootstrap-popover.js?body=1" for 127.0.0.1 at 2013-03-16 10:56:31 -0400
Served asset /twitter/bootstrap/bootstrap-popover.js - 200 OK (1ms)


Started GET "/assets/twitter/bootstrap/bootstrap-button.js?body=1" for 127.0.0.1 at 2013-03-16 10:56:31 -0400
Served asset /twitter/bootstrap/bootstrap-button.js - 200 OK (1ms)


Started GET "/assets/twitter/bootstrap/bootstrap-carousel.js?body=1" for 127.0.0.1 at 2013-03-16 10:56:31 -0400
Served asset /twitter/bootstrap/bootstrap-carousel.js - 200 OK (1ms)


Started GET "/assets/twitter/bootstrap/bootstrap-collapse.js?body=1" for 127.0.0.1 at 2013-03-16 10:56:31 -0400
Served asset /twitter/bootstrap/bootstrap-collapse.js - 200 OK (3ms)


Started GET "/assets/twitter/bootstrap/bootstrap-typeahead.js?body=1" for 127.0.0.1 at 2013-03-16 10:56:31 -0400
Served asset /twitter/bootstrap/bootstrap-typeahead.js - 200 OK (1ms)


Started GET "/assets/twitter/bootstrap/bootstrap-affix.js?body=1" for 127.0.0.1 at 2013-03-16 10:56:31 -0400
Served asset /twitter/bootstrap/bootstrap-affix.js - 200 OK (1ms)


Started GET "/assets/twitter/bootstrap.js?body=1" for 127.0.0.1 at 2013-03-16 10:56:31 -0400
Served asset /twitter/bootstrap.js - 200 OK (9ms)


Started GET "/assets/welcome.js?body=1" for 127.0.0.1 at 2013-03-16 10:56:31 -0400
Served asset /welcome.js - 304 Not Modified (0ms)


Started GET "/assets/application.js?body=1" for 127.0.0.1 at 2013-03-16 10:56:31 -0400
Served asset /application.js - 200 OK (12ms)


Started GET "/assets/bootstrap.js?body=1" for 127.0.0.1 at 2013-03-16 10:56:31 -0400
Served asset /bootstrap.js - 200 OK (1ms)


Started GET "/" for 127.0.0.1 at 2013-03-16 11:03:09 -0400
Processing by WelcomeController#index as HTML
  Rendered welcome/index.html.erb within layouts/application (0.0ms)
Completed 500 Internal Server Error in 28ms

ActionView::Template::Error (undefined local variable or method `products_path' for #<#<Class:0x007fc305d019c8>:0x007fc3073857d0>):
    15:       <a class="brand" href="#">Some Store</a>
    16:       <div class="nav-collapse">
    17:         <ul class="nav">
    18:           <li><%= link_to "Browse Products", products_path %></li>
    19:           <li><%= link_to "Price List" %></li>
    20:           <li><%= link_to "Contact Us" %></li>
    21:           <li><%= link_to "Cart" %></li>
  app/views/layouts/application.html.erb:18:in `_app_views_layouts_application_html_erb__2346163012285765412_70237808993740'


  Rendered /Users/chitopolo/.rvm/gems/ruby-1.9.3-p385/gems/actionpack-3.2.12/lib/action_dispatch/middleware/templates/rescues/_trace.erb (0.9ms)
  Rendered /Users/chitopolo/.rvm/gems/ruby-1.9.3-p385/gems/actionpack-3.2.12/lib/action_dispatch/middleware/templates/rescues/_request_and_response.erb (0.6ms)
  Rendered /Users/chitopolo/.rvm/gems/ruby-1.9.3-p385/gems/actionpack-3.2.12/lib/action_dispatch/middleware/templates/rescues/template_error.erb within rescues/layout (5.8ms)


Started GET "/" for 127.0.0.1 at 2013-03-16 11:04:22 -0400
Processing by WelcomeController#index as HTML
  Rendered welcome/index.html.erb within layouts/application (0.0ms)
Completed 200 OK in 3ms (Views: 2.4ms | ActiveRecord: 0.0ms)


Started GET "/" for 127.0.0.1 at 2013-03-16 11:04:59 -0400
Processing by WelcomeController#index as HTML
  Rendered welcome/index.html.erb within layouts/application (0.0ms)
Completed 200 OK in 7ms (Views: 7.3ms | ActiveRecord: 0.0ms)


Started GET "/assets/application.css?body=1" for 127.0.0.1 at 2013-03-16 11:04:59 -0400
Served asset /application.css - 304 Not Modified (0ms)


Started GET "/assets/jquery.js?body=1" for 127.0.0.1 at 2013-03-16 11:04:59 -0400
Served asset /jquery.js - 304 Not Modified (0ms)


Started GET "/assets/welcome.css?body=1" for 127.0.0.1 at 2013-03-16 11:04:59 -0400
Served asset /welcome.css - 304 Not Modified (0ms)


Started GET "/assets/bootstrap_and_overrides.css?body=1" for 127.0.0.1 at 2013-03-16 11:04:59 -0400
Served asset /bootstrap_and_overrides.css - 304 Not Modified (0ms)


Started GET "/assets/jquery_ujs.js?body=1" for 127.0.0.1 at 2013-03-16 11:04:59 -0400
Served asset /jquery_ujs.js - 304 Not Modified (0ms)


Started GET "/assets/twitter/bootstrap/bootstrap-transition.js?body=1" for 127.0.0.1 at 2013-03-16 11:04:59 -0400
Served asset /twitter/bootstrap/bootstrap-transition.js - 304 Not Modified (0ms)


Started GET "/assets/twitter/bootstrap/bootstrap-alert.js?body=1" for 127.0.0.1 at 2013-03-16 11:04:59 -0400
Served asset /twitter/bootstrap/bootstrap-alert.js - 304 Not Modified (0ms)


Started GET "/assets/twitter/bootstrap/bootstrap-modal.js?body=1" for 127.0.0.1 at 2013-03-16 11:04:59 -0400
Served asset /twitter/bootstrap/bootstrap-modal.js - 304 Not Modified (0ms)


Started GET "/assets/twitter/bootstrap/bootstrap-dropdown.js?body=1" for 127.0.0.1 at 2013-03-16 11:04:59 -0400
Served asset /twitter/bootstrap/bootstrap-dropdown.js - 304 Not Modified (0ms)


Started GET "/assets/twitter/bootstrap/bootstrap-scrollspy.js?body=1" for 127.0.0.1 at 2013-03-16 11:04:59 -0400
Served asset /twitter/bootstrap/bootstrap-scrollspy.js - 304 Not Modified (0ms)


Started GET "/assets/twitter/bootstrap/bootstrap-tab.js?body=1" for 127.0.0.1 at 2013-03-16 11:04:59 -0400
Served asset /twitter/bootstrap/bootstrap-tab.js - 304 Not Modified (0ms)


Started GET "/assets/twitter/bootstrap/bootstrap-tooltip.js?body=1" for 127.0.0.1 at 2013-03-16 11:04:59 -0400
Served asset /twitter/bootstrap/bootstrap-tooltip.js - 304 Not Modified (0ms)


Started GET "/assets/twitter/bootstrap/bootstrap-popover.js?body=1" for 127.0.0.1 at 2013-03-16 11:04:59 -0400
Served asset /twitter/bootstrap/bootstrap-popover.js - 304 Not Modified (0ms)


Started GET "/assets/twitter/bootstrap/bootstrap-button.js?body=1" for 127.0.0.1 at 2013-03-16 11:04:59 -0400
Served asset /twitter/bootstrap/bootstrap-button.js - 304 Not Modified (0ms)


Started GET "/assets/twitter/bootstrap/bootstrap-collapse.js?body=1" for 127.0.0.1 at 2013-03-16 11:04:59 -0400
Served asset /twitter/bootstrap/bootstrap-collapse.js - 304 Not Modified (0ms)


Started GET "/assets/twitter/bootstrap/bootstrap-carousel.js?body=1" for 127.0.0.1 at 2013-03-16 11:04:59 -0400
Served asset /twitter/bootstrap/bootstrap-carousel.js - 304 Not Modified (0ms)


Started GET "/assets/twitter/bootstrap/bootstrap-typeahead.js?body=1" for 127.0.0.1 at 2013-03-16 11:04:59 -0400
Served asset /twitter/bootstrap/bootstrap-typeahead.js - 304 Not Modified (0ms)


Started GET "/assets/twitter/bootstrap.js?body=1" for 127.0.0.1 at 2013-03-16 11:04:59 -0400
Served asset /twitter/bootstrap.js - 304 Not Modified (0ms)


Started GET "/assets/twitter/bootstrap/bootstrap-affix.js?body=1" for 127.0.0.1 at 2013-03-16 11:04:59 -0400
Served asset /twitter/bootstrap/bootstrap-affix.js - 304 Not Modified (0ms)


Started GET "/assets/bootstrap.js?body=1" for 127.0.0.1 at 2013-03-16 11:04:59 -0400
Served asset /bootstrap.js - 304 Not Modified (0ms)


Started GET "/assets/welcome.js?body=1" for 127.0.0.1 at 2013-03-16 11:04:59 -0400
Served asset /welcome.js - 304 Not Modified (0ms)


Started GET "/assets/application.js?body=1" for 127.0.0.1 at 2013-03-16 11:04:59 -0400
Served asset /application.js - 304 Not Modified (0ms)


Started GET "/" for 127.0.0.1 at 2013-03-16 11:09:20 -0400
Processing by WelcomeController#index as HTML
  Rendered welcome/index.html.erb within layouts/application (0.0ms)
Compiled bootstrap_and_overrides.css  (893ms)  (pid 13502)
Compiled application.css  (0ms)  (pid 13502)
Completed 200 OK in 1083ms (Views: 1083.1ms | ActiveRecord: 0.0ms)


Started GET "/assets/application.css?body=1" for 127.0.0.1 at 2013-03-16 11:09:21 -0400
Served asset /application.css - 304 Not Modified (5ms)


Started GET "/assets/welcome.css?body=1" for 127.0.0.1 at 2013-03-16 11:09:21 -0400
Served asset /welcome.css - 304 Not Modified (0ms)


Started GET "/assets/bootstrap_and_overrides.css?body=1" for 127.0.0.1 at 2013-03-16 11:09:21 -0400
Served asset /bootstrap_and_overrides.css - 200 OK (20ms)


Started GET "/assets/jquery.js?body=1" for 127.0.0.1 at 2013-03-16 11:09:21 -0400
Served asset /jquery.js - 304 Not Modified (0ms)


Started GET "/assets/jquery_ujs.js?body=1" for 127.0.0.1 at 2013-03-16 11:09:21 -0400
Served asset /jquery_ujs.js - 304 Not Modified (0ms)


Started GET "/assets/twitter/bootstrap/bootstrap-transition.js?body=1" for 127.0.0.1 at 2013-03-16 11:09:21 -0400
Served asset /twitter/bootstrap/bootstrap-transition.js - 304 Not Modified (0ms)


Started GET "/assets/twitter/bootstrap/bootstrap-alert.js?body=1" for 127.0.0.1 at 2013-03-16 11:09:21 -0400
Served asset /twitter/bootstrap/bootstrap-alert.js - 304 Not Modified (0ms)


Started GET "/assets/twitter/bootstrap/bootstrap-modal.js?body=1" for 127.0.0.1 at 2013-03-16 11:09:21 -0400
Served asset /twitter/bootstrap/bootstrap-modal.js - 304 Not Modified (0ms)


Started GET "/assets/twitter/bootstrap/bootstrap-dropdown.js?body=1" for 127.0.0.1 at 2013-03-16 11:09:21 -0400
Served asset /twitter/bootstrap/bootstrap-dropdown.js - 304 Not Modified (0ms)


Started GET "/assets/twitter/bootstrap/bootstrap-scrollspy.js?body=1" for 127.0.0.1 at 2013-03-16 11:09:21 -0400
Served asset /twitter/bootstrap/bootstrap-scrollspy.js - 304 Not Modified (0ms)


Started GET "/assets/twitter/bootstrap/bootstrap-tab.js?body=1" for 127.0.0.1 at 2013-03-16 11:09:21 -0400
Served asset /twitter/bootstrap/bootstrap-tab.js - 304 Not Modified (0ms)


Started GET "/assets/twitter/bootstrap/bootstrap-tooltip.js?body=1" for 127.0.0.1 at 2013-03-16 11:09:21 -0400
Served asset /twitter/bootstrap/bootstrap-tooltip.js - 304 Not Modified (0ms)


Started GET "/assets/twitter/bootstrap/bootstrap-popover.js?body=1" for 127.0.0.1 at 2013-03-16 11:09:21 -0400
Served asset /twitter/bootstrap/bootstrap-popover.js - 304 Not Modified (0ms)


Started GET "/assets/twitter/bootstrap/bootstrap-button.js?body=1" for 127.0.0.1 at 2013-03-16 11:09:21 -0400
Served asset /twitter/bootstrap/bootstrap-button.js - 304 Not Modified (0ms)


Started GET "/assets/twitter/bootstrap/bootstrap-collapse.js?body=1" for 127.0.0.1 at 2013-03-16 11:09:21 -0400
Served asset /twitter/bootstrap/bootstrap-collapse.js - 304 Not Modified (0ms)


Started GET "/assets/twitter/bootstrap/bootstrap-carousel.js?body=1" for 127.0.0.1 at 2013-03-16 11:09:21 -0400
Served asset /twitter/bootstrap/bootstrap-carousel.js - 304 Not Modified (0ms)


Started GET "/assets/twitter/bootstrap/bootstrap-typeahead.js?body=1" for 127.0.0.1 at 2013-03-16 11:09:21 -0400
Served asset /twitter/bootstrap/bootstrap-typeahead.js - 304 Not Modified (0ms)


Started GET "/assets/twitter/bootstrap/bootstrap-affix.js?body=1" for 127.0.0.1 at 2013-03-16 11:09:21 -0400
Served asset /twitter/bootstrap/bootstrap-affix.js - 304 Not Modified (0ms)


Started GET "/assets/twitter/bootstrap.js?body=1" for 127.0.0.1 at 2013-03-16 11:09:21 -0400
Served asset /twitter/bootstrap.js - 304 Not Modified (0ms)


Started GET "/assets/bootstrap.js?body=1" for 127.0.0.1 at 2013-03-16 11:09:21 -0400
Served asset /bootstrap.js - 304 Not Modified (0ms)


Started GET "/assets/welcome.js?body=1" for 127.0.0.1 at 2013-03-16 11:09:21 -0400
Served asset /welcome.js - 304 Not Modified (0ms)


Started GET "/assets/application.js?body=1" for 127.0.0.1 at 2013-03-16 11:09:21 -0400
Served asset /application.js - 304 Not Modified (0ms)


Started GET "/" for 127.0.0.1 at 2013-03-16 11:10:30 -0400
Processing by WelcomeController#index as HTML
  Rendered welcome/index.html.erb within layouts/application (0.0ms)
Completed 200 OK in 8ms (Views: 7.9ms | ActiveRecord: 0.0ms)


Started GET "/assets/bootstrap_and_overrides.css?body=1" for 127.0.0.1 at 2013-03-16 11:10:30 -0400
Served asset /bootstrap_and_overrides.css - 304 Not Modified (0ms)


Started GET "/assets/application.css?body=1" for 127.0.0.1 at 2013-03-16 11:10:30 -0400
Served asset /application.css - 304 Not Modified (0ms)


Started GET "/assets/welcome.css?body=1" for 127.0.0.1 at 2013-03-16 11:10:30 -0400
Served asset /welcome.css - 304 Not Modified (0ms)


Started GET "/assets/jquery.js?body=1" for 127.0.0.1 at 2013-03-16 11:10:30 -0400
Served asset /jquery.js - 304 Not Modified (0ms)


Started GET "/assets/jquery_ujs.js?body=1" for 127.0.0.1 at 2013-03-16 11:10:30 -0400
Served asset /jquery_ujs.js - 304 Not Modified (0ms)


Started GET "/assets/twitter/bootstrap/bootstrap-transition.js?body=1" for 127.0.0.1 at 2013-03-16 11:10:30 -0400
Served asset /twitter/bootstrap/bootstrap-transition.js - 304 Not Modified (0ms)


Started GET "/assets/twitter/bootstrap/bootstrap-alert.js?body=1" for 127.0.0.1 at 2013-03-16 11:10:30 -0400
Served asset /twitter/bootstrap/bootstrap-alert.js - 304 Not Modified (0ms)


Started GET "/assets/twitter/bootstrap/bootstrap-modal.js?body=1" for 127.0.0.1 at 2013-03-16 11:10:30 -0400
Served asset /twitter/bootstrap/bootstrap-modal.js - 304 Not Modified (0ms)


Started GET "/assets/twitter/bootstrap/bootstrap-dropdown.js?body=1" for 127.0.0.1 at 2013-03-16 11:10:30 -0400
Served asset /twitter/bootstrap/bootstrap-dropdown.js - 304 Not Modified (0ms)


Started GET "/assets/twitter/bootstrap/bootstrap-scrollspy.js?body=1" for 127.0.0.1 at 2013-03-16 11:10:30 -0400
Served asset /twitter/bootstrap/bootstrap-scrollspy.js - 304 Not Modified (0ms)


Started GET "/assets/twitter/bootstrap/bootstrap-tab.js?body=1" for 127.0.0.1 at 2013-03-16 11:10:30 -0400
Served asset /twitter/bootstrap/bootstrap-tab.js - 304 Not Modified (0ms)


Started GET "/assets/twitter/bootstrap/bootstrap-tooltip.js?body=1" for 127.0.0.1 at 2013-03-16 11:10:30 -0400
Served asset /twitter/bootstrap/bootstrap-tooltip.js - 304 Not Modified (0ms)


Started GET "/assets/twitter/bootstrap/bootstrap-popover.js?body=1" for 127.0.0.1 at 2013-03-16 11:10:30 -0400
Served asset /twitter/bootstrap/bootstrap-popover.js - 304 Not Modified (0ms)


Started GET "/assets/twitter/bootstrap/bootstrap-button.js?body=1" for 127.0.0.1 at 2013-03-16 11:10:30 -0400
Served asset /twitter/bootstrap/bootstrap-button.js - 304 Not Modified (0ms)


Started GET "/assets/twitter/bootstrap/bootstrap-collapse.js?body=1" for 127.0.0.1 at 2013-03-16 11:10:30 -0400
Served asset /twitter/bootstrap/bootstrap-collapse.js - 304 Not Modified (0ms)


Started GET "/assets/twitter/bootstrap/bootstrap-carousel.js?body=1" for 127.0.0.1 at 2013-03-16 11:10:30 -0400
Served asset /twitter/bootstrap/bootstrap-carousel.js - 304 Not Modified (0ms)


Started GET "/assets/twitter/bootstrap/bootstrap-typeahead.js?body=1" for 127.0.0.1 at 2013-03-16 11:10:30 -0400
Served asset /twitter/bootstrap/bootstrap-typeahead.js - 304 Not Modified (0ms)


Started GET "/assets/twitter/bootstrap/bootstrap-affix.js?body=1" for 127.0.0.1 at 2013-03-16 11:10:30 -0400
Served asset /twitter/bootstrap/bootstrap-affix.js - 304 Not Modified (0ms)


Started GET "/assets/twitter/bootstrap.js?body=1" for 127.0.0.1 at 2013-03-16 11:10:30 -0400
Served asset /twitter/bootstrap.js - 304 Not Modified (0ms)


Started GET "/assets/bootstrap.js?body=1" for 127.0.0.1 at 2013-03-16 11:10:30 -0400
Served asset /bootstrap.js - 304 Not Modified (0ms)


Started GET "/assets/welcome.js?body=1" for 127.0.0.1 at 2013-03-16 11:10:30 -0400
Served asset /welcome.js - 304 Not Modified (0ms)


Started GET "/assets/application.js?body=1" for 127.0.0.1 at 2013-03-16 11:10:30 -0400
Served asset /application.js - 304 Not Modified (0ms)


Started GET "/" for 127.0.0.1 at 2013-03-16 12:41:03 -0400
Connecting to database specified by database.yml
Processing by WelcomeController#index as HTML
  Rendered welcome/index.html.erb within layouts/application (1.9ms)
Compiled facebook.js  (67ms)  (pid 13913)
Compiled application.js  (95ms)  (pid 13913)
Completed 200 OK in 179ms (Views: 178.9ms | ActiveRecord: 0.0ms)


Started GET "/assets/application.css?body=1" for 127.0.0.1 at 2013-03-16 12:41:03 -0400
Served asset /application.css - 304 Not Modified (7ms)


Started GET "/assets/bootstrap_and_overrides.css?body=1" for 127.0.0.1 at 2013-03-16 12:41:03 -0400
Served asset /bootstrap_and_overrides.css - 304 Not Modified (17ms)


Started GET "/assets/jquery_ujs.js?body=1" for 127.0.0.1 at 2013-03-16 12:41:03 -0400
Served asset /jquery_ujs.js - 304 Not Modified (2ms)


Started GET "/assets/jquery.js?body=1" for 127.0.0.1 at 2013-03-16 12:41:03 -0400
Served asset /jquery.js - 304 Not Modified (3ms)


Started GET "/assets/twitter/bootstrap/bootstrap-transition.js?body=1" for 127.0.0.1 at 2013-03-16 12:41:03 -0400
Served asset /twitter/bootstrap/bootstrap-transition.js - 304 Not Modified (2ms)


Started GET "/assets/welcome.css?body=1" for 127.0.0.1 at 2013-03-16 12:41:03 -0400
Served asset /welcome.css - 304 Not Modified (1ms)


Started GET "/assets/twitter/bootstrap/bootstrap-alert.js?body=1" for 127.0.0.1 at 2013-03-16 12:41:03 -0400
Served asset /twitter/bootstrap/bootstrap-alert.js - 304 Not Modified (1ms)


Started GET "/assets/twitter/bootstrap/bootstrap-modal.js?body=1" for 127.0.0.1 at 2013-03-16 12:41:03 -0400
Served asset /twitter/bootstrap/bootstrap-modal.js - 304 Not Modified (1ms)


Started GET "/assets/twitter/bootstrap/bootstrap-dropdown.js?body=1" for 127.0.0.1 at 2013-03-16 12:41:03 -0400
Served asset /twitter/bootstrap/bootstrap-dropdown.js - 304 Not Modified (2ms)


Started GET "/assets/twitter/bootstrap/bootstrap-scrollspy.js?body=1" for 127.0.0.1 at 2013-03-16 12:41:03 -0400
Served asset /twitter/bootstrap/bootstrap-scrollspy.js - 304 Not Modified (1ms)


Started GET "/assets/twitter/bootstrap/bootstrap-tab.js?body=1" for 127.0.0.1 at 2013-03-16 12:41:03 -0400
Served asset /twitter/bootstrap/bootstrap-tab.js - 304 Not Modified (1ms)


Started GET "/assets/twitter/bootstrap/bootstrap-tooltip.js?body=1" for 127.0.0.1 at 2013-03-16 12:41:03 -0400
Served asset /twitter/bootstrap/bootstrap-tooltip.js - 304 Not Modified (2ms)


Started GET "/assets/twitter/bootstrap/bootstrap-popover.js?body=1" for 127.0.0.1 at 2013-03-16 12:41:03 -0400
Served asset /twitter/bootstrap/bootstrap-popover.js - 304 Not Modified (2ms)


Started GET "/assets/twitter/bootstrap/bootstrap-button.js?body=1" for 127.0.0.1 at 2013-03-16 12:41:03 -0400
Served asset /twitter/bootstrap/bootstrap-button.js - 304 Not Modified (2ms)


Started GET "/assets/twitter/bootstrap/bootstrap-collapse.js?body=1" for 127.0.0.1 at 2013-03-16 12:41:03 -0400
Served asset /twitter/bootstrap/bootstrap-collapse.js - 304 Not Modified (3ms)


Started GET "/assets/twitter/bootstrap/bootstrap-carousel.js?body=1" for 127.0.0.1 at 2013-03-16 12:41:03 -0400
Served asset /twitter/bootstrap/bootstrap-carousel.js - 304 Not Modified (3ms)


Started GET "/assets/twitter/bootstrap/bootstrap-typeahead.js?body=1" for 127.0.0.1 at 2013-03-16 12:41:03 -0400
Served asset /twitter/bootstrap/bootstrap-typeahead.js - 304 Not Modified (3ms)


Started GET "/assets/twitter/bootstrap/bootstrap-affix.js?body=1" for 127.0.0.1 at 2013-03-16 12:41:03 -0400
Served asset /twitter/bootstrap/bootstrap-affix.js - 304 Not Modified (2ms)


Started GET "/assets/twitter/bootstrap.js?body=1" for 127.0.0.1 at 2013-03-16 12:41:03 -0400
Served asset /twitter/bootstrap.js - 304 Not Modified (26ms)


Started GET "/assets/bootstrap.js?body=1" for 127.0.0.1 at 2013-03-16 12:41:03 -0400
Served asset /bootstrap.js - 304 Not Modified (1ms)


Started GET "/assets/facebook.js?body=1" for 127.0.0.1 at 2013-03-16 12:41:03 -0400
Served asset /facebook.js - 304 Not Modified (1ms)


Started GET "/assets/welcome.js?body=1" for 127.0.0.1 at 2013-03-16 12:41:03 -0400
Served asset /welcome.js - 304 Not Modified (1ms)


Started GET "/assets/application.js?body=1" for 127.0.0.1 at 2013-03-16 12:41:03 -0400
Served asset /application.js - 304 Not Modified (17ms)
Connecting to database specified by database.yml
Connecting to database specified by database.yml
  [1m[36m (95.9ms)[0m  [1mCREATE TABLE `schema_migrations` (`version` varchar(255) NOT NULL) ENGINE=InnoDB[0m
  [1m[35m (60.7ms)[0m  CREATE UNIQUE INDEX `unique_schema_migrations` ON `schema_migrations` (`version`)
  [1m[36m (3.0ms)[0m  [1mSELECT `schema_migrations`.`version` FROM `schema_migrations` [0m
Migrating to CreateUsers (20130316164457)
  [1m[35m (32.6ms)[0m  CREATE TABLE `users` (`id` int(11) DEFAULT NULL auto_increment PRIMARY KEY, `provider` varchar(255), `uid` varchar(255), `name` varchar(255), `email` varchar(255), `first_name` varchar(255), `last_name` varchar(255), `image` varchar(255), `urls` varchar(255), `location` varchar(255), `verified` tinyint(1), `oauth_token` varchar(255), `oauth_expires_at` datetime, `created_at` datetime NOT NULL, `updated_at` datetime NOT NULL) ENGINE=InnoDB
  [1m[36m (3.5ms)[0m  [1mINSERT INTO `schema_migrations` (`version`) VALUES ('20130316164457')[0m
  [1m[35m (0.3ms)[0m  SELECT `schema_migrations`.`version` FROM `schema_migrations` 
